<?xml version="1.0" encoding="UTF-8"?>
<!-- Generated by org.testng.reporters.JUnitReportReporter -->
<testsuite skipped="0" hostname="Roselins-MacBook-Pro.local" name="com.Testpackages.TestCaseClass" tests="1" failures="0" timestamp="2020-08-03T13:57:32 IST" time="46.005" errors="0">
  <testcase name="Flipkart" time="46.005" classname="com.Testpackages.TestCaseClass"/>
  <system-out/>
</testsuite> <!-- com.Testpackages.TestCaseClass -->
